2025-10-05 00:01:29.652 [http-nio-9090-exec-1] INFO  o.a.c.c.C.[.[.[/swiftstock] - Initializing Spring DispatcherServlet 'dispatcherServlet'
2025-10-05 00:01:29.653 [http-nio-9090-exec-1] INFO  o.s.web.servlet.DispatcherServlet - Initializing Servlet 'dispatcherServlet'
2025-10-05 00:01:29.654 [http-nio-9090-exec-1] DEBUG o.s.web.servlet.DispatcherServlet - Detected StandardServletMultipartResolver
2025-10-05 00:01:29.654 [http-nio-9090-exec-1] DEBUG o.s.web.servlet.DispatcherServlet - Detected AcceptHeaderLocaleResolver
2025-10-05 00:01:29.654 [http-nio-9090-exec-1] DEBUG o.s.web.servlet.DispatcherServlet - Detected FixedThemeResolver
2025-10-05 00:01:29.655 [http-nio-9090-exec-1] DEBUG o.s.web.servlet.DispatcherServlet - Detected org.springframework.web.servlet.view.DefaultRequestToViewNameTranslator@6ddc47ef
2025-10-05 00:01:29.655 [http-nio-9090-exec-1] DEBUG o.s.web.servlet.DispatcherServlet - Detected org.springframework.web.servlet.support.SessionFlashMapManager@4b1df0ee
2025-10-05 00:01:29.655 [http-nio-9090-exec-1] DEBUG o.s.web.servlet.DispatcherServlet - enableLoggingRequestDetails='false': request parameters and headers will be masked to prevent unsafe logging of potentially sensitive data
2025-10-05 00:01:29.655 [http-nio-9090-exec-1] INFO  o.s.web.servlet.DispatcherServlet - Completed initialization in 1 ms
2025-10-05 00:01:29.670 [http-nio-9090-exec-1] DEBUG o.s.security.web.FilterChainProxy - Securing POST /auth/login
2025-10-05 00:01:29.677 [http-nio-9090-exec-1] DEBUG o.s.security.web.FilterChainProxy - Secured POST /auth/login
2025-10-05 00:01:29.678 [http-nio-9090-exec-1] DEBUG o.s.web.servlet.DispatcherServlet - POST "/swiftstock/auth/login", parameters={}
2025-10-05 00:01:29.679 [http-nio-9090-exec-1] DEBUG o.s.w.s.m.m.a.RequestMappingHandlerMapping - Mapped to com.swiftstock.controller.AuthController#login(Map)
2025-10-05 00:01:29.709 [http-nio-9090-exec-1] DEBUG o.s.w.s.m.m.a.RequestResponseBodyMethodProcessor - Read "application/json;charset=UTF-8" to [{username=admin, password=admin}]
2025-10-05 00:01:29.719 [http-nio-9090-exec-1] DEBUG o.s.w.s.m.m.a.HttpEntityMethodProcessor - Using 'application/json', given [*/*] and supported [application/json, application/*+json]
2025-10-05 00:01:29.720 [http-nio-9090-exec-1] DEBUG o.s.w.s.m.m.a.HttpEntityMethodProcessor - Writing [{data={role=ADMIN, token=mock-jwt-token, username=admin}, success=true, message=登录成功}]
2025-10-05 00:01:29.730 [http-nio-9090-exec-1] DEBUG o.s.web.servlet.DispatcherServlet - Completed 200 OK
2025-10-05 00:01:29.730 [http-nio-9090-exec-1] DEBUG o.s.s.w.a.AnonymousAuthenticationFilter - Set SecurityContextHolder to anonymous SecurityContext
2025-10-05 00:02:42.380 [http-nio-9090-exec-3] DEBUG o.s.security.web.FilterChainProxy - Securing POST /auth/login
2025-10-05 00:02:42.385 [http-nio-9090-exec-3] DEBUG o.s.security.web.FilterChainProxy - Secured POST /auth/login
2025-10-05 00:02:42.386 [http-nio-9090-exec-3] DEBUG o.s.web.servlet.DispatcherServlet - POST "/swiftstock/auth/login", parameters={}
2025-10-05 00:02:42.386 [http-nio-9090-exec-3] DEBUG o.s.w.s.m.m.a.RequestMappingHandlerMapping - Mapped to com.swiftstock.controller.AuthController#login(Map)
2025-10-05 00:02:42.387 [http-nio-9090-exec-3] DEBUG o.s.w.s.m.m.a.RequestResponseBodyMethodProcessor - Read "application/json;charset=UTF-8" to [{username=admin, password=admin}]
2025-10-05 00:02:42.387 [http-nio-9090-exec-3] DEBUG o.s.w.s.m.m.a.HttpEntityMethodProcessor - Using 'application/json', given [application/json, text/plain, */*] and supported [application/json, application/*+json]
2025-10-05 00:02:42.388 [http-nio-9090-exec-3] DEBUG o.s.w.s.m.m.a.HttpEntityMethodProcessor - Writing [{data={role=ADMIN, token=mock-jwt-token, username=admin}, success=true, message=登录成功}]
2025-10-05 00:02:42.388 [http-nio-9090-exec-3] DEBUG o.s.web.servlet.DispatcherServlet - Completed 200 OK
2025-10-05 00:02:42.388 [http-nio-9090-exec-3] DEBUG o.s.s.w.a.AnonymousAuthenticationFilter - Set SecurityContextHolder to anonymous SecurityContext
2025-10-05 00:02:46.608 [http-nio-9090-exec-4] DEBUG o.s.security.web.FilterChainProxy - Securing GET /products?page=1&size=10&name=
2025-10-05 00:02:46.609 [http-nio-9090-exec-4] DEBUG o.s.security.web.FilterChainProxy - Secured GET /products?page=1&size=10&name=
2025-10-05 00:02:46.610 [http-nio-9090-exec-4] DEBUG o.s.web.servlet.DispatcherServlet - GET "/swiftstock/products?page=1&size=10&name=", parameters={masked}
2025-10-05 00:02:46.610 [http-nio-9090-exec-4] DEBUG o.s.w.s.m.m.a.RequestMappingHandlerMapping - Mapped to com.swiftstock.controller.ProductController#getProducts(String, Long, int, int)
2025-10-05 00:02:46.616 [http-nio-9090-exec-4] DEBUG org.mybatis.spring.SqlSessionUtils - Creating a new SqlSession
2025-10-05 00:02:46.620 [http-nio-9090-exec-4] DEBUG org.mybatis.spring.SqlSessionUtils - SqlSession [org.apache.ibatis.session.defaults.DefaultSqlSession@6d64d5e4] was not registered for synchronization because synchronization is not active
2025-10-05 00:02:46.639 [http-nio-9090-exec-4] INFO  com.zaxxer.hikari.HikariDataSource - HikariPool-1 - Starting...
2025-10-05 00:02:46.760 [http-nio-9090-exec-4] INFO  com.zaxxer.hikari.pool.HikariPool - HikariPool-1 - Added connection com.mysql.cj.jdbc.ConnectionImpl@4d71e1e8
2025-10-05 00:02:46.762 [http-nio-9090-exec-4] INFO  com.zaxxer.hikari.HikariDataSource - HikariPool-1 - Start completed.
2025-10-05 00:02:46.765 [http-nio-9090-exec-4] DEBUG o.m.s.t.SpringManagedTransaction - JDBC Connection [HikariProxyConnection@1869145863 wrapping com.mysql.cj.jdbc.ConnectionImpl@4d71e1e8] will not be managed by Spring
2025-10-05 00:02:46.769 [http-nio-9090-exec-4] DEBUG c.s.m.ProductMapper.findByCondition - ==>  Preparing: SELECT p.*, c.name as category_name, c.description as category_description FROM product p LEFT JOIN category c ON p.category_id = c.id ORDER BY p.created_time DESC
2025-10-05 00:02:46.788 [http-nio-9090-exec-4] DEBUG c.s.m.ProductMapper.findByCondition - ==> Parameters: 
2025-10-05 00:02:46.812 [http-nio-9090-exec-4] DEBUG c.s.m.ProductMapper.findByCondition - <==      Total: 10
2025-10-05 00:02:46.815 [http-nio-9090-exec-4] DEBUG org.mybatis.spring.SqlSessionUtils - Closing non transactional SqlSession [org.apache.ibatis.session.defaults.DefaultSqlSession@6d64d5e4]
2025-10-05 00:02:46.817 [http-nio-9090-exec-4] DEBUG o.s.w.s.m.m.a.HttpEntityMethodProcessor - Using 'application/json', given [application/json, text/plain, */*] and supported [application/json, application/*+json]
2025-10-05 00:02:46.823 [http-nio-9090-exec-4] DEBUG o.s.w.s.m.m.a.HttpEntityMethodProcessor - Writing [{data={total=10, size=10, page=1, list=[Product(id=1, name=苹果iPhone 13, code=null, categoryId=1, cat (truncated)...]
2025-10-05 00:02:46.857 [http-nio-9090-exec-4] DEBUG o.s.web.servlet.DispatcherServlet - Completed 200 OK
2025-10-05 00:02:46.857 [http-nio-9090-exec-4] DEBUG o.s.s.w.a.AnonymousAuthenticationFilter - Set SecurityContextHolder to anonymous SecurityContext
2025-10-05 00:02:47.912 [http-nio-9090-exec-5] DEBUG o.s.security.web.FilterChainProxy - Securing GET /orders?page=1&size=10&orderNo=&customerName=&status=
2025-10-05 00:02:47.913 [http-nio-9090-exec-5] DEBUG o.s.security.web.FilterChainProxy - Secured GET /orders?page=1&size=10&orderNo=&customerName=&status=
2025-10-05 00:02:47.913 [http-nio-9090-exec-5] DEBUG o.s.web.servlet.DispatcherServlet - GET "/swiftstock/orders?page=1&size=10&orderNo=&customerName=&status=", parameters={masked}
2025-10-05 00:02:47.913 [http-nio-9090-exec-5] DEBUG o.s.w.s.m.m.a.RequestMappingHandlerMapping - Mapped to com.swiftstock.controller.OrderController#getOrders(String, String, String, int, int)
2025-10-05 00:02:47.914 [http-nio-9090-exec-5] DEBUG c.s.controller.OrderController - Searching orders with params: orderNo=, customerName=, status=
2025-10-05 00:02:47.914 [http-nio-9090-exec-5] DEBUG c.s.service.impl.OrderServiceImpl - Finding orders by condition: Order(id=null, orderNo=, customerName=, customerPhone=null, status=null, totalAmount=null, remark=null, operatorId=null, operator=null, createdTime=null, updatedTime=null, items=[], itemCount=0, startDate=null, endDate=null)
2025-10-05 00:02:47.916 [http-nio-9090-exec-5] DEBUG org.mybatis.spring.SqlSessionUtils - Creating a new SqlSession
2025-10-05 00:02:47.916 [http-nio-9090-exec-5] DEBUG org.mybatis.spring.SqlSessionUtils - SqlSession [org.apache.ibatis.session.defaults.DefaultSqlSession@1a85f22e] was not registered for synchronization because synchronization is not active
2025-10-05 00:02:47.917 [http-nio-9090-exec-5] DEBUG o.m.s.t.SpringManagedTransaction - JDBC Connection [HikariProxyConnection@1892767276 wrapping com.mysql.cj.jdbc.ConnectionImpl@4d71e1e8] will not be managed by Spring
2025-10-05 00:02:47.917 [http-nio-9090-exec-5] DEBUG c.s.m.OrderMapper.findByCondition - ==>  Preparing: SELECT DISTINCT o.*, a.username as operator_username, a.name as operator_name, i.id as item_id, i.quantity, i.price, i.amount, i.product_id, i.product_name FROM orders o LEFT JOIN admin a ON o.operator_id = a.id LEFT JOIN order_item i ON o.id = i.order_id ORDER BY o.created_time DESC
2025-10-05 00:02:47.917 [http-nio-9090-exec-5] DEBUG c.s.m.OrderMapper.findByCondition - ==> Parameters: 
2025-10-05 00:02:47.928 [http-nio-9090-exec-5] DEBUG c.s.m.OrderMapper.findByCondition - <==      Total: 10
2025-10-05 00:02:47.928 [http-nio-9090-exec-5] DEBUG org.mybatis.spring.SqlSessionUtils - Closing non transactional SqlSession [org.apache.ibatis.session.defaults.DefaultSqlSession@1a85f22e]
2025-10-05 00:02:47.928 [http-nio-9090-exec-5] DEBUG c.s.service.impl.OrderServiceImpl - Found 5 orders matching the condition
2025-10-05 00:02:47.928 [http-nio-9090-exec-5] DEBUG c.s.controller.OrderController - Found 5 orders
2025-10-05 00:02:47.929 [http-nio-9090-exec-5] DEBUG o.s.w.s.m.m.a.HttpEntityMethodProcessor - Using 'application/json', given [application/json, text/plain, */*] and supported [application/json, application/*+json]
2025-10-05 00:02:47.930 [http-nio-9090-exec-5] DEBUG o.s.w.s.m.m.a.HttpEntityMethodProcessor - Writing [{data={total=5, size=10, page=1, list=[Order(id=1, orderNo=ORD202507060001, customerName=张三, custome (truncated)...]
2025-10-05 00:02:47.939 [http-nio-9090-exec-5] DEBUG o.s.web.servlet.DispatcherServlet - Completed 200 OK
2025-10-05 00:02:47.939 [http-nio-9090-exec-5] DEBUG o.s.s.w.a.AnonymousAuthenticationFilter - Set SecurityContextHolder to anonymous SecurityContext
2025-10-05 00:02:48.809 [http-nio-9090-exec-6] DEBUG o.s.security.web.FilterChainProxy - Securing GET /inventory?page=1&size=10&productName=&stockStatus=
2025-10-05 00:02:48.809 [http-nio-9090-exec-6] DEBUG o.s.security.web.FilterChainProxy - Secured GET /inventory?page=1&size=10&productName=&stockStatus=
2025-10-05 00:02:48.810 [http-nio-9090-exec-6] DEBUG o.s.web.servlet.DispatcherServlet - GET "/swiftstock/inventory?page=1&size=10&productName=&stockStatus=", parameters={masked}
2025-10-05 00:02:48.810 [http-nio-9090-exec-6] DEBUG o.s.w.s.m.m.a.RequestMappingHandlerMapping - Mapped to com.swiftstock.controller.InventoryController#getInventoryList(String, Long, String, int, int)
2025-10-05 00:02:48.811 [http-nio-9090-exec-6] INFO  c.s.controller.InventoryController - Accessing inventory list with params: productName=, categoryId=null, stockStatus=
2025-10-05 00:02:48.811 [http-nio-9090-exec-6] DEBUG org.mybatis.spring.SqlSessionUtils - Creating a new SqlSession
2025-10-05 00:02:48.811 [http-nio-9090-exec-6] DEBUG org.mybatis.spring.SqlSessionUtils - SqlSession [org.apache.ibatis.session.defaults.DefaultSqlSession@5614e186] was not registered for synchronization because synchronization is not active
2025-10-05 00:02:48.811 [http-nio-9090-exec-6] DEBUG o.m.s.t.SpringManagedTransaction - JDBC Connection [HikariProxyConnection@1490228532 wrapping com.mysql.cj.jdbc.ConnectionImpl@4d71e1e8] will not be managed by Spring
2025-10-05 00:02:48.811 [http-nio-9090-exec-6] DEBUG c.s.mapper.ProductMapper.selectAll - ==>  Preparing: SELECT p.*, c.name as category_name, c.description as category_description FROM product p LEFT JOIN category c ON p.category_id = c.id ORDER BY p.created_time DESC
2025-10-05 00:02:48.812 [http-nio-9090-exec-6] DEBUG c.s.mapper.ProductMapper.selectAll - ==> Parameters: 
2025-10-05 00:02:48.817 [http-nio-9090-exec-6] DEBUG c.s.mapper.ProductMapper.selectAll - <==      Total: 10
2025-10-05 00:02:48.817 [http-nio-9090-exec-6] DEBUG org.mybatis.spring.SqlSessionUtils - Closing non transactional SqlSession [org.apache.ibatis.session.defaults.DefaultSqlSession@5614e186]
2025-10-05 00:02:48.817 [http-nio-9090-exec-6] INFO  c.s.controller.InventoryController - Found 10 products
2025-10-05 00:02:48.817 [http-nio-9090-exec-6] DEBUG o.s.w.s.m.m.a.HttpEntityMethodProcessor - Using 'application/json', given [application/json, text/plain, */*] and supported [application/json, application/*+json]
2025-10-05 00:02:48.818 [http-nio-9090-exec-6] DEBUG o.s.w.s.m.m.a.HttpEntityMethodProcessor - Writing [{data={total=10, size=10, page=1, list=[Product(id=1, name=苹果iPhone 13, code=null, categoryId=1, cat (truncated)...]
2025-10-05 00:02:48.820 [http-nio-9090-exec-6] DEBUG o.s.web.servlet.DispatcherServlet - Completed 200 OK
2025-10-05 00:02:48.820 [http-nio-9090-exec-6] DEBUG o.s.s.w.a.AnonymousAuthenticationFilter - Set SecurityContextHolder to anonymous SecurityContext
2025-10-05 00:02:59.614 [http-nio-9090-exec-8] DEBUG o.s.security.web.FilterChainProxy - Securing GET /reports/stock?page=1&size=10
2025-10-05 00:02:59.614 [http-nio-9090-exec-7] DEBUG o.s.security.web.FilterChainProxy - Securing GET /reports/stock
2025-10-05 00:02:59.614 [http-nio-9090-exec-8] DEBUG o.s.security.web.FilterChainProxy - Secured GET /reports/stock?page=1&size=10
2025-10-05 00:02:59.614 [http-nio-9090-exec-7] DEBUG o.s.security.web.FilterChainProxy - Secured GET /reports/stock
2025-10-05 00:02:59.614 [http-nio-9090-exec-7] DEBUG o.s.web.servlet.DispatcherServlet - GET "/swiftstock/reports/stock", parameters={}
2025-10-05 00:02:59.614 [http-nio-9090-exec-8] DEBUG o.s.web.servlet.DispatcherServlet - GET "/swiftstock/reports/stock?page=1&size=10", parameters={masked}
2025-10-05 00:02:59.615 [http-nio-9090-exec-7] DEBUG o.s.w.s.m.m.a.RequestMappingHandlerMapping - Mapped to com.swiftstock.controller.ReportController#getStockReport(String, String, Long)
2025-10-05 00:02:59.615 [http-nio-9090-exec-8] DEBUG o.s.w.s.m.m.a.RequestMappingHandlerMapping - Mapped to com.swiftstock.controller.ReportController#getStockReport(String, String, Long)
2025-10-05 00:02:59.615 [http-nio-9090-exec-8] DEBUG org.mybatis.spring.SqlSessionUtils - Creating a new SqlSession
2025-10-05 00:02:59.615 [http-nio-9090-exec-7] DEBUG org.mybatis.spring.SqlSessionUtils - Creating a new SqlSession
2025-10-05 00:02:59.615 [http-nio-9090-exec-8] DEBUG org.mybatis.spring.SqlSessionUtils - SqlSession [org.apache.ibatis.session.defaults.DefaultSqlSession@6182e558] was not registered for synchronization because synchronization is not active
2025-10-05 00:02:59.615 [http-nio-9090-exec-7] DEBUG org.mybatis.spring.SqlSessionUtils - SqlSession [org.apache.ibatis.session.defaults.DefaultSqlSession@61a87045] was not registered for synchronization because synchronization is not active
2025-10-05 00:02:59.616 [http-nio-9090-exec-8] DEBUG o.m.s.t.SpringManagedTransaction - JDBC Connection [HikariProxyConnection@1866798872 wrapping com.mysql.cj.jdbc.ConnectionImpl@4d71e1e8] will not be managed by Spring
2025-10-05 00:02:59.616 [http-nio-9090-exec-7] DEBUG o.m.s.t.SpringManagedTransaction - JDBC Connection [HikariProxyConnection@546667134 wrapping com.mysql.cj.jdbc.ConnectionImpl@33f75cf7] will not be managed by Spring
2025-10-05 00:02:59.616 [http-nio-9090-exec-8] DEBUG c.s.mapper.ProductMapper.selectAll - ==>  Preparing: SELECT p.*, c.name as category_name, c.description as category_description FROM product p LEFT JOIN category c ON p.category_id = c.id ORDER BY p.created_time DESC
2025-10-05 00:02:59.616 [http-nio-9090-exec-7] DEBUG c.s.mapper.ProductMapper.selectAll - ==>  Preparing: SELECT p.*, c.name as category_name, c.description as category_description FROM product p LEFT JOIN category c ON p.category_id = c.id ORDER BY p.created_time DESC
2025-10-05 00:02:59.616 [http-nio-9090-exec-8] DEBUG c.s.mapper.ProductMapper.selectAll - ==> Parameters: 
2025-10-05 00:02:59.616 [http-nio-9090-exec-7] DEBUG c.s.mapper.ProductMapper.selectAll - ==> Parameters: 
2025-10-05 00:02:59.620 [http-nio-9090-exec-8] DEBUG c.s.mapper.ProductMapper.selectAll - <==      Total: 10
2025-10-05 00:02:59.620 [http-nio-9090-exec-8] DEBUG org.mybatis.spring.SqlSessionUtils - Closing non transactional SqlSession [org.apache.ibatis.session.defaults.DefaultSqlSession@6182e558]
2025-10-05 00:02:59.620 [http-nio-9090-exec-7] DEBUG c.s.mapper.ProductMapper.selectAll - <==      Total: 10
2025-10-05 00:02:59.620 [http-nio-9090-exec-7] DEBUG org.mybatis.spring.SqlSessionUtils - Closing non transactional SqlSession [org.apache.ibatis.session.defaults.DefaultSqlSession@61a87045]
2025-10-05 00:02:59.624 [http-nio-9090-exec-8] DEBUG o.s.w.s.m.m.a.HttpEntityMethodProcessor - Using 'application/json', given [application/json, text/plain, */*] and supported [application/json, application/*+json]
2025-10-05 00:02:59.624 [http-nio-9090-exec-7] DEBUG o.s.w.s.m.m.a.HttpEntityMethodProcessor - Using 'application/json', given [application/json, text/plain, */*] and supported [application/json, application/*+json]
2025-10-05 00:02:59.624 [http-nio-9090-exec-8] DEBUG o.s.w.s.m.m.a.HttpEntityMethodProcessor - Writing [{data={totalValue=318305.0, total=10, stats={totalProducts=10, outOfStock=0, normalStock=9, lowStock (truncated)...]
2025-10-05 00:02:59.624 [http-nio-9090-exec-7] DEBUG o.s.w.s.m.m.a.HttpEntityMethodProcessor - Writing [{data={totalValue=318305.0, total=10, stats={totalProducts=10, outOfStock=0, normalStock=9, lowStock (truncated)...]
2025-10-05 00:02:59.625 [http-nio-9090-exec-8] DEBUG o.s.web.servlet.DispatcherServlet - Completed 200 OK
2025-10-05 00:02:59.625 [http-nio-9090-exec-7] DEBUG o.s.web.servlet.DispatcherServlet - Completed 200 OK
2025-10-05 00:02:59.625 [http-nio-9090-exec-8] DEBUG o.s.s.w.a.AnonymousAuthenticationFilter - Set SecurityContextHolder to anonymous SecurityContext
2025-10-05 00:02:59.625 [http-nio-9090-exec-7] DEBUG o.s.s.w.a.AnonymousAuthenticationFilter - Set SecurityContextHolder to anonymous SecurityContext
2025-10-05 00:03:03.021 [http-nio-9090-exec-9] DEBUG o.s.security.web.FilterChainProxy - Securing GET /categories
2025-10-05 00:03:03.022 [http-nio-9090-exec-9] DEBUG o.s.security.web.FilterChainProxy - Secured GET /categories
2025-10-05 00:03:03.022 [http-nio-9090-exec-9] DEBUG o.s.web.servlet.DispatcherServlet - GET "/swiftstock/categories", parameters={}
2025-10-05 00:03:03.022 [http-nio-9090-exec-9] DEBUG o.s.w.s.m.m.a.RequestMappingHandlerMapping - Mapped to com.swiftstock.controller.CategoryController#getCategories()
2025-10-05 00:03:03.023 [http-nio-9090-exec-9] DEBUG org.mybatis.spring.SqlSessionUtils - Creating a new SqlSession
2025-10-05 00:03:03.023 [http-nio-9090-exec-9] DEBUG org.mybatis.spring.SqlSessionUtils - SqlSession [org.apache.ibatis.session.defaults.DefaultSqlSession@3fb6060a] was not registered for synchronization because synchronization is not active
2025-10-05 00:03:03.023 [http-nio-9090-exec-9] DEBUG o.m.s.t.SpringManagedTransaction - JDBC Connection [HikariProxyConnection@829554572 wrapping com.mysql.cj.jdbc.ConnectionImpl@4d71e1e8] will not be managed by Spring
2025-10-05 00:03:03.023 [http-nio-9090-exec-9] DEBUG c.s.mapper.CategoryMapper.findAll - ==>  Preparing: SELECT * FROM category
2025-10-05 00:03:03.023 [http-nio-9090-exec-9] DEBUG c.s.mapper.CategoryMapper.findAll - ==> Parameters: 
2025-10-05 00:03:03.024 [http-nio-9090-exec-9] DEBUG c.s.mapper.CategoryMapper.findAll - <==      Total: 4
2025-10-05 00:03:03.025 [http-nio-9090-exec-9] DEBUG org.mybatis.spring.SqlSessionUtils - Closing non transactional SqlSession [org.apache.ibatis.session.defaults.DefaultSqlSession@3fb6060a]
2025-10-05 00:03:03.025 [http-nio-9090-exec-9] DEBUG o.s.w.s.m.m.a.HttpEntityMethodProcessor - Using 'application/json', given [application/json, text/plain, */*] and supported [application/json, application/*+json]
2025-10-05 00:03:03.026 [http-nio-9090-exec-9] DEBUG o.s.w.s.m.m.a.HttpEntityMethodProcessor - Writing [{data=[Category(id=1, name=电子产品, description=电子类商品, createdTime=null, updatedTime=null), Category(id (truncated)...]
2025-10-05 00:03:03.027 [http-nio-9090-exec-9] DEBUG o.s.web.servlet.DispatcherServlet - Completed 200 OK
2025-10-05 00:03:03.027 [http-nio-9090-exec-9] DEBUG o.s.s.w.a.AnonymousAuthenticationFilter - Set SecurityContextHolder to anonymous SecurityContext
2025-10-05 00:03:08.531 [http-nio-9090-exec-10] DEBUG o.s.security.web.FilterChainProxy - Securing GET /inventory?page=1&size=10&productName=&stockStatus=
2025-10-05 00:03:08.531 [http-nio-9090-exec-10] DEBUG o.s.security.web.FilterChainProxy - Secured GET /inventory?page=1&size=10&productName=&stockStatus=
2025-10-05 00:03:08.532 [http-nio-9090-exec-10] DEBUG o.s.web.servlet.DispatcherServlet - GET "/swiftstock/inventory?page=1&size=10&productName=&stockStatus=", parameters={masked}
2025-10-05 00:03:08.532 [http-nio-9090-exec-10] DEBUG o.s.w.s.m.m.a.RequestMappingHandlerMapping - Mapped to com.swiftstock.controller.InventoryController#getInventoryList(String, Long, String, int, int)
2025-10-05 00:03:08.532 [http-nio-9090-exec-10] INFO  c.s.controller.InventoryController - Accessing inventory list with params: productName=, categoryId=null, stockStatus=
2025-10-05 00:03:08.533 [http-nio-9090-exec-10] DEBUG org.mybatis.spring.SqlSessionUtils - Creating a new SqlSession
2025-10-05 00:03:08.533 [http-nio-9090-exec-10] DEBUG org.mybatis.spring.SqlSessionUtils - SqlSession [org.apache.ibatis.session.defaults.DefaultSqlSession@4ad655b6] was not registered for synchronization because synchronization is not active
2025-10-05 00:03:08.533 [http-nio-9090-exec-10] DEBUG o.m.s.t.SpringManagedTransaction - JDBC Connection [HikariProxyConnection@1142006428 wrapping com.mysql.cj.jdbc.ConnectionImpl@4d71e1e8] will not be managed by Spring
2025-10-05 00:03:08.533 [http-nio-9090-exec-10] DEBUG c.s.mapper.ProductMapper.selectAll - ==>  Preparing: SELECT p.*, c.name as category_name, c.description as category_description FROM product p LEFT JOIN category c ON p.category_id = c.id ORDER BY p.created_time DESC
2025-10-05 00:03:08.533 [http-nio-9090-exec-10] DEBUG c.s.mapper.ProductMapper.selectAll - ==> Parameters: 
2025-10-05 00:03:08.535 [http-nio-9090-exec-10] DEBUG c.s.mapper.ProductMapper.selectAll - <==      Total: 10
2025-10-05 00:03:08.535 [http-nio-9090-exec-10] DEBUG org.mybatis.spring.SqlSessionUtils - Closing non transactional SqlSession [org.apache.ibatis.session.defaults.DefaultSqlSession@4ad655b6]
2025-10-05 00:03:08.535 [http-nio-9090-exec-10] INFO  c.s.controller.InventoryController - Found 10 products
2025-10-05 00:03:08.536 [http-nio-9090-exec-10] DEBUG o.s.w.s.m.m.a.HttpEntityMethodProcessor - Using 'application/json', given [application/json, text/plain, */*] and supported [application/json, application/*+json]
2025-10-05 00:03:08.536 [http-nio-9090-exec-10] DEBUG o.s.w.s.m.m.a.HttpEntityMethodProcessor - Writing [{data={total=10, size=10, page=1, list=[Product(id=1, name=苹果iPhone 13, code=null, categoryId=1, cat (truncated)...]
2025-10-05 00:03:08.537 [http-nio-9090-exec-10] DEBUG o.s.web.servlet.DispatcherServlet - Completed 200 OK
2025-10-05 00:03:08.537 [http-nio-9090-exec-10] DEBUG o.s.s.w.a.AnonymousAuthenticationFilter - Set SecurityContextHolder to anonymous SecurityContext
2025-10-05 00:03:08.891 [http-nio-9090-exec-1] DEBUG o.s.security.web.FilterChainProxy - Securing GET /orders?page=1&size=10&orderNo=&customerName=&status=
2025-10-05 00:03:08.891 [http-nio-9090-exec-1] DEBUG o.s.security.web.FilterChainProxy - Secured GET /orders?page=1&size=10&orderNo=&customerName=&status=
2025-10-05 00:03:08.891 [http-nio-9090-exec-1] DEBUG o.s.web.servlet.DispatcherServlet - GET "/swiftstock/orders?page=1&size=10&orderNo=&customerName=&status=", parameters={masked}
2025-10-05 00:03:08.891 [http-nio-9090-exec-1] DEBUG o.s.w.s.m.m.a.RequestMappingHandlerMapping - Mapped to com.swiftstock.controller.OrderController#getOrders(String, String, String, int, int)
2025-10-05 00:03:08.892 [http-nio-9090-exec-1] DEBUG c.s.controller.OrderController - Searching orders with params: orderNo=, customerName=, status=
2025-10-05 00:03:08.892 [http-nio-9090-exec-1] DEBUG c.s.service.impl.OrderServiceImpl - Finding orders by condition: Order(id=null, orderNo=, customerName=, customerPhone=null, status=null, totalAmount=null, remark=null, operatorId=null, operator=null, createdTime=null, updatedTime=null, items=[], itemCount=0, startDate=null, endDate=null)
2025-10-05 00:03:08.892 [http-nio-9090-exec-1] DEBUG org.mybatis.spring.SqlSessionUtils - Creating a new SqlSession
2025-10-05 00:03:08.892 [http-nio-9090-exec-1] DEBUG org.mybatis.spring.SqlSessionUtils - SqlSession [org.apache.ibatis.session.defaults.DefaultSqlSession@5fe3957a] was not registered for synchronization because synchronization is not active
2025-10-05 00:03:08.892 [http-nio-9090-exec-1] DEBUG o.m.s.t.SpringManagedTransaction - JDBC Connection [HikariProxyConnection@1118927609 wrapping com.mysql.cj.jdbc.ConnectionImpl@4d71e1e8] will not be managed by Spring
2025-10-05 00:03:08.893 [http-nio-9090-exec-1] DEBUG c.s.m.OrderMapper.findByCondition - ==>  Preparing: SELECT DISTINCT o.*, a.username as operator_username, a.name as operator_name, i.id as item_id, i.quantity, i.price, i.amount, i.product_id, i.product_name FROM orders o LEFT JOIN admin a ON o.operator_id = a.id LEFT JOIN order_item i ON o.id = i.order_id ORDER BY o.created_time DESC
2025-10-05 00:03:08.893 [http-nio-9090-exec-1] DEBUG c.s.m.OrderMapper.findByCondition - ==> Parameters: 
2025-10-05 00:03:08.899 [http-nio-9090-exec-1] DEBUG c.s.m.OrderMapper.findByCondition - <==      Total: 10
2025-10-05 00:03:08.899 [http-nio-9090-exec-1] DEBUG org.mybatis.spring.SqlSessionUtils - Closing non transactional SqlSession [org.apache.ibatis.session.defaults.DefaultSqlSession@5fe3957a]
2025-10-05 00:03:08.899 [http-nio-9090-exec-1] DEBUG c.s.service.impl.OrderServiceImpl - Found 5 orders matching the condition
2025-10-05 00:03:08.899 [http-nio-9090-exec-1] DEBUG c.s.controller.OrderController - Found 5 orders
2025-10-05 00:03:08.899 [http-nio-9090-exec-1] DEBUG o.s.w.s.m.m.a.HttpEntityMethodProcessor - Using 'application/json', given [application/json, text/plain, */*] and supported [application/json, application/*+json]
2025-10-05 00:03:08.900 [http-nio-9090-exec-1] DEBUG o.s.w.s.m.m.a.HttpEntityMethodProcessor - Writing [{data={total=5, size=10, page=1, list=[Order(id=1, orderNo=ORD202507060001, customerName=张三, custome (truncated)...]
2025-10-05 00:03:08.903 [http-nio-9090-exec-1] DEBUG o.s.web.servlet.DispatcherServlet - Completed 200 OK
2025-10-05 00:03:08.903 [http-nio-9090-exec-1] DEBUG o.s.s.w.a.AnonymousAuthenticationFilter - Set SecurityContextHolder to anonymous SecurityContext
2025-10-05 00:03:09.191 [http-nio-9090-exec-2] DEBUG o.s.security.web.FilterChainProxy - Securing GET /products?page=1&size=10&name=
2025-10-05 00:03:09.191 [http-nio-9090-exec-2] DEBUG o.s.security.web.FilterChainProxy - Secured GET /products?page=1&size=10&name=
2025-10-05 00:03:09.192 [http-nio-9090-exec-2] DEBUG o.s.web.servlet.DispatcherServlet - GET "/swiftstock/products?page=1&size=10&name=", parameters={masked}
2025-10-05 00:03:09.192 [http-nio-9090-exec-2] DEBUG o.s.w.s.m.m.a.RequestMappingHandlerMapping - Mapped to com.swiftstock.controller.ProductController#getProducts(String, Long, int, int)
2025-10-05 00:03:09.193 [http-nio-9090-exec-2] DEBUG org.mybatis.spring.SqlSessionUtils - Creating a new SqlSession
2025-10-05 00:03:09.193 [http-nio-9090-exec-2] DEBUG org.mybatis.spring.SqlSessionUtils - SqlSession [org.apache.ibatis.session.defaults.DefaultSqlSession@4ae3fa4a] was not registered for synchronization because synchronization is not active
2025-10-05 00:03:09.193 [http-nio-9090-exec-2] DEBUG o.m.s.t.SpringManagedTransaction - JDBC Connection [HikariProxyConnection@1143213414 wrapping com.mysql.cj.jdbc.ConnectionImpl@4d71e1e8] will not be managed by Spring
2025-10-05 00:03:09.193 [http-nio-9090-exec-2] DEBUG c.s.m.ProductMapper.findByCondition - ==>  Preparing: SELECT p.*, c.name as category_name, c.description as category_description FROM product p LEFT JOIN category c ON p.category_id = c.id ORDER BY p.created_time DESC
2025-10-05 00:03:09.194 [http-nio-9090-exec-2] DEBUG c.s.m.ProductMapper.findByCondition - ==> Parameters: 
2025-10-05 00:03:09.196 [http-nio-9090-exec-2] DEBUG c.s.m.ProductMapper.findByCondition - <==      Total: 10
2025-10-05 00:03:09.196 [http-nio-9090-exec-2] DEBUG org.mybatis.spring.SqlSessionUtils - Closing non transactional SqlSession [org.apache.ibatis.session.defaults.DefaultSqlSession@4ae3fa4a]
2025-10-05 00:03:09.197 [http-nio-9090-exec-2] DEBUG o.s.w.s.m.m.a.HttpEntityMethodProcessor - Using 'application/json', given [application/json, text/plain, */*] and supported [application/json, application/*+json]
2025-10-05 00:03:09.197 [http-nio-9090-exec-2] DEBUG o.s.w.s.m.m.a.HttpEntityMethodProcessor - Writing [{data={total=10, size=10, page=1, list=[Product(id=1, name=苹果iPhone 13, code=null, categoryId=1, cat (truncated)...]
2025-10-05 00:03:09.198 [http-nio-9090-exec-2] DEBUG o.s.web.servlet.DispatcherServlet - Completed 200 OK
2025-10-05 00:03:09.198 [http-nio-9090-exec-2] DEBUG o.s.s.w.a.AnonymousAuthenticationFilter - Set SecurityContextHolder to anonymous SecurityContext
2025-10-05 00:03:22.454 [http-nio-9090-exec-3] DEBUG o.s.security.web.FilterChainProxy - Securing GET /orders?page=1&size=10&orderNo=&customerName=&status=
2025-10-05 00:03:22.454 [http-nio-9090-exec-3] DEBUG o.s.security.web.FilterChainProxy - Secured GET /orders?page=1&size=10&orderNo=&customerName=&status=
2025-10-05 00:03:22.454 [http-nio-9090-exec-3] DEBUG o.s.web.servlet.DispatcherServlet - GET "/swiftstock/orders?page=1&size=10&orderNo=&customerName=&status=", parameters={masked}
2025-10-05 00:03:22.454 [http-nio-9090-exec-3] DEBUG o.s.w.s.m.m.a.RequestMappingHandlerMapping - Mapped to com.swiftstock.controller.OrderController#getOrders(String, String, String, int, int)
2025-10-05 00:03:22.455 [http-nio-9090-exec-3] DEBUG c.s.controller.OrderController - Searching orders with params: orderNo=, customerName=, status=
2025-10-05 00:03:22.455 [http-nio-9090-exec-3] DEBUG c.s.service.impl.OrderServiceImpl - Finding orders by condition: Order(id=null, orderNo=, customerName=, customerPhone=null, status=null, totalAmount=null, remark=null, operatorId=null, operator=null, createdTime=null, updatedTime=null, items=[], itemCount=0, startDate=null, endDate=null)
2025-10-05 00:03:22.455 [http-nio-9090-exec-3] DEBUG org.mybatis.spring.SqlSessionUtils - Creating a new SqlSession
2025-10-05 00:03:22.455 [http-nio-9090-exec-3] DEBUG org.mybatis.spring.SqlSessionUtils - SqlSession [org.apache.ibatis.session.defaults.DefaultSqlSession@2153dabf] was not registered for synchronization because synchronization is not active
2025-10-05 00:03:22.456 [http-nio-9090-exec-3] DEBUG o.m.s.t.SpringManagedTransaction - JDBC Connection [HikariProxyConnection@911089165 wrapping com.mysql.cj.jdbc.ConnectionImpl@4d71e1e8] will not be managed by Spring
2025-10-05 00:03:22.456 [http-nio-9090-exec-3] DEBUG c.s.m.OrderMapper.findByCondition - ==>  Preparing: SELECT DISTINCT o.*, a.username as operator_username, a.name as operator_name, i.id as item_id, i.quantity, i.price, i.amount, i.product_id, i.product_name FROM orders o LEFT JOIN admin a ON o.operator_id = a.id LEFT JOIN order_item i ON o.id = i.order_id ORDER BY o.created_time DESC
2025-10-05 00:03:22.456 [http-nio-9090-exec-3] DEBUG c.s.m.OrderMapper.findByCondition - ==> Parameters: 
2025-10-05 00:03:22.458 [http-nio-9090-exec-3] DEBUG c.s.m.OrderMapper.findByCondition - <==      Total: 10
2025-10-05 00:03:22.458 [http-nio-9090-exec-3] DEBUG org.mybatis.spring.SqlSessionUtils - Closing non transactional SqlSession [org.apache.ibatis.session.defaults.DefaultSqlSession@2153dabf]
2025-10-05 00:03:22.458 [http-nio-9090-exec-3] DEBUG c.s.service.impl.OrderServiceImpl - Found 5 orders matching the condition
2025-10-05 00:03:22.458 [http-nio-9090-exec-3] DEBUG c.s.controller.OrderController - Found 5 orders
2025-10-05 00:03:22.459 [http-nio-9090-exec-3] DEBUG o.s.w.s.m.m.a.HttpEntityMethodProcessor - Using 'application/json', given [application/json, text/plain, */*] and supported [application/json, application/*+json]
2025-10-05 00:03:22.459 [http-nio-9090-exec-3] DEBUG o.s.w.s.m.m.a.HttpEntityMethodProcessor - Writing [{data={total=5, size=10, page=1, list=[Order(id=1, orderNo=ORD202507060001, customerName=张三, custome (truncated)...]
2025-10-05 00:03:22.460 [http-nio-9090-exec-3] DEBUG o.s.web.servlet.DispatcherServlet - Completed 200 OK
2025-10-05 00:03:22.460 [http-nio-9090-exec-3] DEBUG o.s.s.w.a.AnonymousAuthenticationFilter - Set SecurityContextHolder to anonymous SecurityContext
2025-10-05 00:03:29.485 [http-nio-9090-exec-4] DEBUG o.s.security.web.FilterChainProxy - Securing GET /orders?page=1&size=20&orderNo=&customerName=&status=
2025-10-05 00:03:29.485 [http-nio-9090-exec-4] DEBUG o.s.security.web.FilterChainProxy - Secured GET /orders?page=1&size=20&orderNo=&customerName=&status=
2025-10-05 00:03:29.485 [http-nio-9090-exec-4] DEBUG o.s.web.servlet.DispatcherServlet - GET "/swiftstock/orders?page=1&size=20&orderNo=&customerName=&status=", parameters={masked}
2025-10-05 00:03:29.486 [http-nio-9090-exec-4] DEBUG o.s.w.s.m.m.a.RequestMappingHandlerMapping - Mapped to com.swiftstock.controller.OrderController#getOrders(String, String, String, int, int)
2025-10-05 00:03:29.486 [http-nio-9090-exec-4] DEBUG c.s.controller.OrderController - Searching orders with params: orderNo=, customerName=, status=
2025-10-05 00:03:29.486 [http-nio-9090-exec-4] DEBUG c.s.service.impl.OrderServiceImpl - Finding orders by condition: Order(id=null, orderNo=, customerName=, customerPhone=null, status=null, totalAmount=null, remark=null, operatorId=null, operator=null, createdTime=null, updatedTime=null, items=[], itemCount=0, startDate=null, endDate=null)
2025-10-05 00:03:29.486 [http-nio-9090-exec-4] DEBUG org.mybatis.spring.SqlSessionUtils - Creating a new SqlSession
2025-10-05 00:03:29.486 [http-nio-9090-exec-4] DEBUG org.mybatis.spring.SqlSessionUtils - SqlSession [org.apache.ibatis.session.defaults.DefaultSqlSession@54004878] was not registered for synchronization because synchronization is not active
2025-10-05 00:03:29.486 [http-nio-9090-exec-4] DEBUG o.m.s.t.SpringManagedTransaction - JDBC Connection [HikariProxyConnection@1739499005 wrapping com.mysql.cj.jdbc.ConnectionImpl@4d71e1e8] will not be managed by Spring
2025-10-05 00:03:29.486 [http-nio-9090-exec-4] DEBUG c.s.m.OrderMapper.findByCondition - ==>  Preparing: SELECT DISTINCT o.*, a.username as operator_username, a.name as operator_name, i.id as item_id, i.quantity, i.price, i.amount, i.product_id, i.product_name FROM orders o LEFT JOIN admin a ON o.operator_id = a.id LEFT JOIN order_item i ON o.id = i.order_id ORDER BY o.created_time DESC
2025-10-05 00:03:29.487 [http-nio-9090-exec-4] DEBUG c.s.m.OrderMapper.findByCondition - ==> Parameters: 
2025-10-05 00:03:29.490 [http-nio-9090-exec-4] DEBUG c.s.m.OrderMapper.findByCondition - <==      Total: 10
2025-10-05 00:03:29.490 [http-nio-9090-exec-4] DEBUG org.mybatis.spring.SqlSessionUtils - Closing non transactional SqlSession [org.apache.ibatis.session.defaults.DefaultSqlSession@54004878]
2025-10-05 00:03:29.490 [http-nio-9090-exec-4] DEBUG c.s.service.impl.OrderServiceImpl - Found 5 orders matching the condition
2025-10-05 00:03:29.490 [http-nio-9090-exec-4] DEBUG c.s.controller.OrderController - Found 5 orders
2025-10-05 00:03:29.491 [http-nio-9090-exec-4] DEBUG o.s.w.s.m.m.a.HttpEntityMethodProcessor - Using 'application/json', given [application/json, text/plain, */*] and supported [application/json, application/*+json]
2025-10-05 00:03:29.491 [http-nio-9090-exec-4] DEBUG o.s.w.s.m.m.a.HttpEntityMethodProcessor - Writing [{data={total=5, size=20, page=1, list=[Order(id=1, orderNo=ORD202507060001, customerName=张三, custome (truncated)...]
2025-10-05 00:03:29.493 [http-nio-9090-exec-4] DEBUG o.s.web.servlet.DispatcherServlet - Completed 200 OK
2025-10-05 00:03:29.493 [http-nio-9090-exec-4] DEBUG o.s.s.w.a.AnonymousAuthenticationFilter - Set SecurityContextHolder to anonymous SecurityContext
2025-10-05 00:03:30.685 [http-nio-9090-exec-5] DEBUG o.s.security.web.FilterChainProxy - Securing GET /orders?page=1&size=10&orderNo=&customerName=&status=
2025-10-05 00:03:30.686 [http-nio-9090-exec-5] DEBUG o.s.security.web.FilterChainProxy - Secured GET /orders?page=1&size=10&orderNo=&customerName=&status=
2025-10-05 00:03:30.686 [http-nio-9090-exec-5] DEBUG o.s.web.servlet.DispatcherServlet - GET "/swiftstock/orders?page=1&size=10&orderNo=&customerName=&status=", parameters={masked}
2025-10-05 00:03:30.686 [http-nio-9090-exec-5] DEBUG o.s.w.s.m.m.a.RequestMappingHandlerMapping - Mapped to com.swiftstock.controller.OrderController#getOrders(String, String, String, int, int)
2025-10-05 00:03:30.686 [http-nio-9090-exec-5] DEBUG c.s.controller.OrderController - Searching orders with params: orderNo=, customerName=, status=
2025-10-05 00:03:30.687 [http-nio-9090-exec-5] DEBUG c.s.service.impl.OrderServiceImpl - Finding orders by condition: Order(id=null, orderNo=, customerName=, customerPhone=null, status=null, totalAmount=null, remark=null, operatorId=null, operator=null, createdTime=null, updatedTime=null, items=[], itemCount=0, startDate=null, endDate=null)
2025-10-05 00:03:30.687 [http-nio-9090-exec-5] DEBUG org.mybatis.spring.SqlSessionUtils - Creating a new SqlSession
2025-10-05 00:03:30.687 [http-nio-9090-exec-5] DEBUG org.mybatis.spring.SqlSessionUtils - SqlSession [org.apache.ibatis.session.defaults.DefaultSqlSession@5eb3578e] was not registered for synchronization because synchronization is not active
2025-10-05 00:03:30.687 [http-nio-9090-exec-5] DEBUG o.m.s.t.SpringManagedTransaction - JDBC Connection [HikariProxyConnection@103933995 wrapping com.mysql.cj.jdbc.ConnectionImpl@4d71e1e8] will not be managed by Spring
2025-10-05 00:03:30.687 [http-nio-9090-exec-5] DEBUG c.s.m.OrderMapper.findByCondition - ==>  Preparing: SELECT DISTINCT o.*, a.username as operator_username, a.name as operator_name, i.id as item_id, i.quantity, i.price, i.amount, i.product_id, i.product_name FROM orders o LEFT JOIN admin a ON o.operator_id = a.id LEFT JOIN order_item i ON o.id = i.order_id ORDER BY o.created_time DESC
2025-10-05 00:03:30.687 [http-nio-9090-exec-5] DEBUG c.s.m.OrderMapper.findByCondition - ==> Parameters: 
2025-10-05 00:03:30.695 [http-nio-9090-exec-5] DEBUG c.s.m.OrderMapper.findByCondition - <==      Total: 10
2025-10-05 00:03:30.695 [http-nio-9090-exec-5] DEBUG org.mybatis.spring.SqlSessionUtils - Closing non transactional SqlSession [org.apache.ibatis.session.defaults.DefaultSqlSession@5eb3578e]
2025-10-05 00:03:30.695 [http-nio-9090-exec-5] DEBUG c.s.service.impl.OrderServiceImpl - Found 5 orders matching the condition
2025-10-05 00:03:30.695 [http-nio-9090-exec-5] DEBUG c.s.controller.OrderController - Found 5 orders
2025-10-05 00:03:30.696 [http-nio-9090-exec-5] DEBUG o.s.w.s.m.m.a.HttpEntityMethodProcessor - Using 'application/json', given [application/json, text/plain, */*] and supported [application/json, application/*+json]
2025-10-05 00:03:30.696 [http-nio-9090-exec-5] DEBUG o.s.w.s.m.m.a.HttpEntityMethodProcessor - Writing [{data={total=5, size=10, page=1, list=[Order(id=1, orderNo=ORD202507060001, customerName=张三, custome (truncated)...]
2025-10-05 00:03:30.697 [http-nio-9090-exec-5] DEBUG o.s.web.servlet.DispatcherServlet - Completed 200 OK
2025-10-05 00:03:30.697 [http-nio-9090-exec-5] DEBUG o.s.s.w.a.AnonymousAuthenticationFilter - Set SecurityContextHolder to anonymous SecurityContext
2025-10-05 00:03:34.952 [http-nio-9090-exec-6] DEBUG o.s.security.web.FilterChainProxy - Securing PUT /orders/2/status
2025-10-05 00:03:34.952 [http-nio-9090-exec-6] DEBUG o.s.security.web.FilterChainProxy - Secured PUT /orders/2/status
2025-10-05 00:03:34.952 [http-nio-9090-exec-6] DEBUG o.s.web.servlet.DispatcherServlet - PUT "/swiftstock/orders/2/status", parameters={}
2025-10-05 00:03:34.952 [http-nio-9090-exec-6] DEBUG o.s.w.s.m.m.a.RequestMappingHandlerMapping - Mapped to com.swiftstock.controller.OrderController#updateStatus(Long, Map)
2025-10-05 00:03:34.953 [http-nio-9090-exec-6] DEBUG o.s.w.s.m.m.a.RequestResponseBodyMethodProcessor - Read "application/json;charset=UTF-8" to [{status=COMPLETED}]
2025-10-05 00:03:34.953 [http-nio-9090-exec-6] DEBUG c.s.controller.OrderController - Updating order 2 status to COMPLETED
2025-10-05 00:03:34.954 [http-nio-9090-exec-6] DEBUG org.mybatis.spring.SqlSessionUtils - Creating a new SqlSession
2025-10-05 00:03:34.954 [http-nio-9090-exec-6] DEBUG org.mybatis.spring.SqlSessionUtils - SqlSession [org.apache.ibatis.session.defaults.DefaultSqlSession@2478a955] was not registered for synchronization because synchronization is not active
2025-10-05 00:03:34.954 [http-nio-9090-exec-6] DEBUG o.m.s.t.SpringManagedTransaction - JDBC Connection [HikariProxyConnection@1395394401 wrapping com.mysql.cj.jdbc.ConnectionImpl@4d71e1e8] will not be managed by Spring
2025-10-05 00:03:34.954 [http-nio-9090-exec-6] DEBUG c.s.mapper.OrderMapper.selectById - ==>  Preparing: SELECT o.*, a.username as operator_username, a.name as operator_name, i.id as item_id, i.quantity, i.price, i.amount, p.id as product_id, p.name as product_name, p.category_id, p.description as product_description, p.price as product_price, p.stock_quantity, p.min_stock_level, p.supplier, p.location FROM orders o LEFT JOIN admin a ON o.operator_id = a.id LEFT JOIN order_item i ON o.id = i.order_id LEFT JOIN product p ON i.product_id = p.id WHERE o.id = ?
2025-10-05 00:03:34.955 [http-nio-9090-exec-6] DEBUG c.s.mapper.OrderMapper.selectById - ==> Parameters: 2(Long)
2025-10-05 00:03:34.957 [http-nio-9090-exec-6] DEBUG c.s.mapper.OrderMapper.selectById - <==      Total: 2
2025-10-05 00:03:34.957 [http-nio-9090-exec-6] DEBUG org.mybatis.spring.SqlSessionUtils - Closing non transactional SqlSession [org.apache.ibatis.session.defaults.DefaultSqlSession@2478a955]
2025-10-05 00:03:34.957 [http-nio-9090-exec-6] DEBUG org.mybatis.spring.SqlSessionUtils - Creating a new SqlSession
2025-10-05 00:03:34.957 [http-nio-9090-exec-6] DEBUG org.mybatis.spring.SqlSessionUtils - SqlSession [org.apache.ibatis.session.defaults.DefaultSqlSession@4d4c790b] was not registered for synchronization because synchronization is not active
2025-10-05 00:03:34.957 [http-nio-9090-exec-6] DEBUG o.m.s.t.SpringManagedTransaction - JDBC Connection [HikariProxyConnection@111851514 wrapping com.mysql.cj.jdbc.ConnectionImpl@4d71e1e8] will not be managed by Spring
2025-10-05 00:03:34.957 [http-nio-9090-exec-6] DEBUG c.s.mapper.OrderMapper.updateStatus - ==>  Preparing: UPDATE orders SET status = ?, updated_time = CURRENT_TIMESTAMP WHERE id = ?
2025-10-05 00:03:34.957 [http-nio-9090-exec-6] DEBUG c.s.mapper.OrderMapper.updateStatus - ==> Parameters: COMPLETED(String), 2(Long)
2025-10-05 00:03:34.968 [http-nio-9090-exec-6] DEBUG c.s.mapper.OrderMapper.updateStatus - <==    Updates: 1
2025-10-05 00:03:34.968 [http-nio-9090-exec-6] DEBUG org.mybatis.spring.SqlSessionUtils - Closing non transactional SqlSession [org.apache.ibatis.session.defaults.DefaultSqlSession@4d4c790b]
2025-10-05 00:03:34.968 [http-nio-9090-exec-6] DEBUG o.s.w.s.m.m.a.HttpEntityMethodProcessor - Using 'application/json', given [application/json, text/plain, */*] and supported [application/json, application/*+json]
2025-10-05 00:03:34.968 [http-nio-9090-exec-6] DEBUG o.s.w.s.m.m.a.HttpEntityMethodProcessor - Writing [{success=true, message=订单状态更新成功}]
2025-10-05 00:03:34.969 [http-nio-9090-exec-6] DEBUG o.s.web.servlet.DispatcherServlet - Completed 200 OK
2025-10-05 00:03:34.969 [http-nio-9090-exec-6] DEBUG o.s.s.w.a.AnonymousAuthenticationFilter - Set SecurityContextHolder to anonymous SecurityContext
2025-10-05 00:03:34.981 [http-nio-9090-exec-8] DEBUG o.s.security.web.FilterChainProxy - Securing GET /orders?page=1&size=10&orderNo=&customerName=&status=
2025-10-05 00:03:34.981 [http-nio-9090-exec-8] DEBUG o.s.security.web.FilterChainProxy - Secured GET /orders?page=1&size=10&orderNo=&customerName=&status=
2025-10-05 00:03:34.981 [http-nio-9090-exec-8] DEBUG o.s.web.servlet.DispatcherServlet - GET "/swiftstock/orders?page=1&size=10&orderNo=&customerName=&status=", parameters={masked}
2025-10-05 00:03:34.982 [http-nio-9090-exec-8] DEBUG o.s.w.s.m.m.a.RequestMappingHandlerMapping - Mapped to com.swiftstock.controller.OrderController#getOrders(String, String, String, int, int)
2025-10-05 00:03:34.982 [http-nio-9090-exec-8] DEBUG c.s.controller.OrderController - Searching orders with params: orderNo=, customerName=, status=
2025-10-05 00:03:34.982 [http-nio-9090-exec-8] DEBUG c.s.service.impl.OrderServiceImpl - Finding orders by condition: Order(id=null, orderNo=, customerName=, customerPhone=null, status=null, totalAmount=null, remark=null, operatorId=null, operator=null, createdTime=null, updatedTime=null, items=[], itemCount=0, startDate=null, endDate=null)
2025-10-05 00:03:34.982 [http-nio-9090-exec-8] DEBUG org.mybatis.spring.SqlSessionUtils - Creating a new SqlSession
2025-10-05 00:03:34.982 [http-nio-9090-exec-8] DEBUG org.mybatis.spring.SqlSessionUtils - SqlSession [org.apache.ibatis.session.defaults.DefaultSqlSession@d5949f5] was not registered for synchronization because synchronization is not active
2025-10-05 00:03:34.983 [http-nio-9090-exec-8] DEBUG o.m.s.t.SpringManagedTransaction - JDBC Connection [HikariProxyConnection@1180416587 wrapping com.mysql.cj.jdbc.ConnectionImpl@4d71e1e8] will not be managed by Spring
2025-10-05 00:03:34.983 [http-nio-9090-exec-8] DEBUG c.s.m.OrderMapper.findByCondition - ==>  Preparing: SELECT DISTINCT o.*, a.username as operator_username, a.name as operator_name, i.id as item_id, i.quantity, i.price, i.amount, i.product_id, i.product_name FROM orders o LEFT JOIN admin a ON o.operator_id = a.id LEFT JOIN order_item i ON o.id = i.order_id ORDER BY o.created_time DESC
2025-10-05 00:03:34.983 [http-nio-9090-exec-8] DEBUG c.s.m.OrderMapper.findByCondition - ==> Parameters: 
2025-10-05 00:03:34.985 [http-nio-9090-exec-8] DEBUG c.s.m.OrderMapper.findByCondition - <==      Total: 10
2025-10-05 00:03:34.985 [http-nio-9090-exec-8] DEBUG org.mybatis.spring.SqlSessionUtils - Closing non transactional SqlSession [org.apache.ibatis.session.defaults.DefaultSqlSession@d5949f5]
2025-10-05 00:03:34.985 [http-nio-9090-exec-8] DEBUG c.s.service.impl.OrderServiceImpl - Found 5 orders matching the condition
2025-10-05 00:03:34.985 [http-nio-9090-exec-8] DEBUG c.s.controller.OrderController - Found 5 orders
2025-10-05 00:03:34.986 [http-nio-9090-exec-8] DEBUG o.s.w.s.m.m.a.HttpEntityMethodProcessor - Using 'application/json', given [application/json, text/plain, */*] and supported [application/json, application/*+json]
2025-10-05 00:03:34.986 [http-nio-9090-exec-8] DEBUG o.s.w.s.m.m.a.HttpEntityMethodProcessor - Writing [{data={total=5, size=10, page=1, list=[Order(id=1, orderNo=ORD202507060001, customerName=张三, custome (truncated)...]
2025-10-05 00:03:34.987 [http-nio-9090-exec-8] DEBUG o.s.web.servlet.DispatcherServlet - Completed 200 OK
2025-10-05 00:03:34.987 [http-nio-9090-exec-8] DEBUG o.s.s.w.a.AnonymousAuthenticationFilter - Set SecurityContextHolder to anonymous SecurityContext
2025-10-05 00:03:38.262 [http-nio-9090-exec-7] DEBUG o.s.security.web.FilterChainProxy - Securing GET /products?page=1&size=10&name=
2025-10-05 00:03:38.263 [http-nio-9090-exec-7] DEBUG o.s.security.web.FilterChainProxy - Secured GET /products?page=1&size=10&name=
2025-10-05 00:03:38.263 [http-nio-9090-exec-7] DEBUG o.s.web.servlet.DispatcherServlet - GET "/swiftstock/products?page=1&size=10&name=", parameters={masked}
2025-10-05 00:03:38.263 [http-nio-9090-exec-7] DEBUG o.s.w.s.m.m.a.RequestMappingHandlerMapping - Mapped to com.swiftstock.controller.ProductController#getProducts(String, Long, int, int)
2025-10-05 00:03:38.263 [http-nio-9090-exec-7] DEBUG org.mybatis.spring.SqlSessionUtils - Creating a new SqlSession
2025-10-05 00:03:38.263 [http-nio-9090-exec-7] DEBUG org.mybatis.spring.SqlSessionUtils - SqlSession [org.apache.ibatis.session.defaults.DefaultSqlSession@5c2ddddb] was not registered for synchronization because synchronization is not active
2025-10-05 00:03:38.264 [http-nio-9090-exec-7] DEBUG o.m.s.t.SpringManagedTransaction - JDBC Connection [HikariProxyConnection@1361599084 wrapping com.mysql.cj.jdbc.ConnectionImpl@33f75cf7] will not be managed by Spring
2025-10-05 00:03:38.264 [http-nio-9090-exec-7] DEBUG c.s.m.ProductMapper.findByCondition - ==>  Preparing: SELECT p.*, c.name as category_name, c.description as category_description FROM product p LEFT JOIN category c ON p.category_id = c.id ORDER BY p.created_time DESC
2025-10-05 00:03:38.264 [http-nio-9090-exec-7] DEBUG c.s.m.ProductMapper.findByCondition - ==> Parameters: 
2025-10-05 00:03:38.265 [http-nio-9090-exec-7] DEBUG c.s.m.ProductMapper.findByCondition - <==      Total: 10
2025-10-05 00:03:38.266 [http-nio-9090-exec-7] DEBUG org.mybatis.spring.SqlSessionUtils - Closing non transactional SqlSession [org.apache.ibatis.session.defaults.DefaultSqlSession@5c2ddddb]
2025-10-05 00:03:38.266 [http-nio-9090-exec-7] DEBUG o.s.w.s.m.m.a.HttpEntityMethodProcessor - Using 'application/json', given [application/json, text/plain, */*] and supported [application/json, application/*+json]
2025-10-05 00:03:38.266 [http-nio-9090-exec-7] DEBUG o.s.w.s.m.m.a.HttpEntityMethodProcessor - Writing [{data={total=10, size=10, page=1, list=[Product(id=1, name=苹果iPhone 13, code=null, categoryId=1, cat (truncated)...]
2025-10-05 00:03:38.267 [http-nio-9090-exec-7] DEBUG o.s.web.servlet.DispatcherServlet - Completed 200 OK
2025-10-05 00:03:38.267 [http-nio-9090-exec-7] DEBUG o.s.s.w.a.AnonymousAuthenticationFilter - Set SecurityContextHolder to anonymous SecurityContext
2025-10-05 00:03:46.233 [http-nio-9090-exec-9] DEBUG o.s.security.web.FilterChainProxy - Securing GET /products/1
2025-10-05 00:03:46.234 [http-nio-9090-exec-9] DEBUG o.s.security.web.FilterChainProxy - Secured GET /products/1
2025-10-05 00:03:46.234 [http-nio-9090-exec-9] DEBUG o.s.web.servlet.DispatcherServlet - GET "/swiftstock/products/1", parameters={}
2025-10-05 00:03:46.234 [http-nio-9090-exec-9] DEBUG o.s.w.s.m.m.a.RequestMappingHandlerMapping - Mapped to com.swiftstock.controller.ProductController#getProduct(Long)
2025-10-05 00:03:46.234 [http-nio-9090-exec-9] DEBUG org.mybatis.spring.SqlSessionUtils - Creating a new SqlSession
2025-10-05 00:03:46.235 [http-nio-9090-exec-9] DEBUG org.mybatis.spring.SqlSessionUtils - SqlSession [org.apache.ibatis.session.defaults.DefaultSqlSession@10630af8] was not registered for synchronization because synchronization is not active
2025-10-05 00:03:46.235 [http-nio-9090-exec-9] DEBUG o.m.s.t.SpringManagedTransaction - JDBC Connection [HikariProxyConnection@1185921341 wrapping com.mysql.cj.jdbc.ConnectionImpl@4d71e1e8] will not be managed by Spring
2025-10-05 00:03:46.235 [http-nio-9090-exec-9] DEBUG c.s.mapper.ProductMapper.selectById - ==>  Preparing: SELECT p.*, c.name as category_name, c.description as category_description FROM product p LEFT JOIN category c ON p.category_id = c.id WHERE p.id = ?
2025-10-05 00:03:46.235 [http-nio-9090-exec-9] DEBUG c.s.mapper.ProductMapper.selectById - ==> Parameters: 1(Long)
2025-10-05 00:03:46.237 [http-nio-9090-exec-9] DEBUG c.s.mapper.ProductMapper.selectById - <==      Total: 1
2025-10-05 00:03:46.237 [http-nio-9090-exec-9] DEBUG org.mybatis.spring.SqlSessionUtils - Closing non transactional SqlSession [org.apache.ibatis.session.defaults.DefaultSqlSession@10630af8]
2025-10-05 00:03:46.237 [http-nio-9090-exec-9] DEBUG o.s.w.s.m.m.a.HttpEntityMethodProcessor - Using 'application/json', given [application/json, text/plain, */*] and supported [application/json, application/*+json]
2025-10-05 00:03:46.237 [http-nio-9090-exec-9] DEBUG o.s.w.s.m.m.a.HttpEntityMethodProcessor - Writing [{data=Product(id=1, name=苹果iPhone 13, code=null, categoryId=1, category=Category(id=1, name=电子产品, de (truncated)...]
2025-10-05 00:03:46.238 [http-nio-9090-exec-9] DEBUG o.s.web.servlet.DispatcherServlet - Completed 200 OK
2025-10-05 00:03:46.238 [http-nio-9090-exec-9] DEBUG o.s.s.w.a.AnonymousAuthenticationFilter - Set SecurityContextHolder to anonymous SecurityContext
2025-10-05 00:03:55.724 [http-nio-9090-exec-10] DEBUG o.s.security.web.FilterChainProxy - Securing GET /products?page=1&size=10&name=
2025-10-05 00:03:55.724 [http-nio-9090-exec-10] DEBUG o.s.security.web.FilterChainProxy - Secured GET /products?page=1&size=10&name=
2025-10-05 00:03:55.724 [http-nio-9090-exec-10] DEBUG o.s.web.servlet.DispatcherServlet - GET "/swiftstock/products?page=1&size=10&name=", parameters={masked}
2025-10-05 00:03:55.724 [http-nio-9090-exec-10] DEBUG o.s.w.s.m.m.a.RequestMappingHandlerMapping - Mapped to com.swiftstock.controller.ProductController#getProducts(String, Long, int, int)
2025-10-05 00:03:55.724 [http-nio-9090-exec-10] DEBUG org.mybatis.spring.SqlSessionUtils - Creating a new SqlSession
2025-10-05 00:03:55.724 [http-nio-9090-exec-10] DEBUG org.mybatis.spring.SqlSessionUtils - SqlSession [org.apache.ibatis.session.defaults.DefaultSqlSession@52ca8a7] was not registered for synchronization because synchronization is not active
2025-10-05 00:03:55.725 [http-nio-9090-exec-10] DEBUG o.m.s.t.SpringManagedTransaction - JDBC Connection [HikariProxyConnection@2108630609 wrapping com.mysql.cj.jdbc.ConnectionImpl@4d71e1e8] will not be managed by Spring
2025-10-05 00:03:55.725 [http-nio-9090-exec-10] DEBUG c.s.m.ProductMapper.findByCondition - ==>  Preparing: SELECT p.*, c.name as category_name, c.description as category_description FROM product p LEFT JOIN category c ON p.category_id = c.id ORDER BY p.created_time DESC
2025-10-05 00:03:55.725 [http-nio-9090-exec-10] DEBUG c.s.m.ProductMapper.findByCondition - ==> Parameters: 
2025-10-05 00:03:55.727 [http-nio-9090-exec-10] DEBUG c.s.m.ProductMapper.findByCondition - <==      Total: 10
2025-10-05 00:03:55.727 [http-nio-9090-exec-10] DEBUG org.mybatis.spring.SqlSessionUtils - Closing non transactional SqlSession [org.apache.ibatis.session.defaults.DefaultSqlSession@52ca8a7]
2025-10-05 00:03:55.728 [http-nio-9090-exec-10] DEBUG o.s.w.s.m.m.a.HttpEntityMethodProcessor - Using 'application/json', given [application/json, text/plain, */*] and supported [application/json, application/*+json]
2025-10-05 00:03:55.728 [http-nio-9090-exec-10] DEBUG o.s.w.s.m.m.a.HttpEntityMethodProcessor - Writing [{data={total=10, size=10, page=1, list=[Product(id=1, name=苹果iPhone 13, code=null, categoryId=1, cat (truncated)...]
2025-10-05 00:03:55.729 [http-nio-9090-exec-10] DEBUG o.s.web.servlet.DispatcherServlet - Completed 200 OK
2025-10-05 00:03:55.729 [http-nio-9090-exec-10] DEBUG o.s.s.w.a.AnonymousAuthenticationFilter - Set SecurityContextHolder to anonymous SecurityContext
2025-10-05 00:03:57.835 [http-nio-9090-exec-1] DEBUG o.s.security.web.FilterChainProxy - Securing GET /orders?page=1&size=10&orderNo=&customerName=&status=
2025-10-05 00:03:57.835 [http-nio-9090-exec-1] DEBUG o.s.security.web.FilterChainProxy - Secured GET /orders?page=1&size=10&orderNo=&customerName=&status=
2025-10-05 00:03:57.835 [http-nio-9090-exec-1] DEBUG o.s.web.servlet.DispatcherServlet - GET "/swiftstock/orders?page=1&size=10&orderNo=&customerName=&status=", parameters={masked}
2025-10-05 00:03:57.835 [http-nio-9090-exec-1] DEBUG o.s.w.s.m.m.a.RequestMappingHandlerMapping - Mapped to com.swiftstock.controller.OrderController#getOrders(String, String, String, int, int)
2025-10-05 00:03:57.836 [http-nio-9090-exec-1] DEBUG c.s.controller.OrderController - Searching orders with params: orderNo=, customerName=, status=
2025-10-05 00:03:57.836 [http-nio-9090-exec-1] DEBUG c.s.service.impl.OrderServiceImpl - Finding orders by condition: Order(id=null, orderNo=, customerName=, customerPhone=null, status=null, totalAmount=null, remark=null, operatorId=null, operator=null, createdTime=null, updatedTime=null, items=[], itemCount=0, startDate=null, endDate=null)
2025-10-05 00:03:57.836 [http-nio-9090-exec-1] DEBUG org.mybatis.spring.SqlSessionUtils - Creating a new SqlSession
2025-10-05 00:03:57.836 [http-nio-9090-exec-1] DEBUG org.mybatis.spring.SqlSessionUtils - SqlSession [org.apache.ibatis.session.defaults.DefaultSqlSession@3e2f1388] was not registered for synchronization because synchronization is not active
2025-10-05 00:03:57.837 [http-nio-9090-exec-1] DEBUG o.m.s.t.SpringManagedTransaction - JDBC Connection [HikariProxyConnection@2125100831 wrapping com.mysql.cj.jdbc.ConnectionImpl@4d71e1e8] will not be managed by Spring
2025-10-05 00:03:57.837 [http-nio-9090-exec-1] DEBUG c.s.m.OrderMapper.findByCondition - ==>  Preparing: SELECT DISTINCT o.*, a.username as operator_username, a.name as operator_name, i.id as item_id, i.quantity, i.price, i.amount, i.product_id, i.product_name FROM orders o LEFT JOIN admin a ON o.operator_id = a.id LEFT JOIN order_item i ON o.id = i.order_id ORDER BY o.created_time DESC
2025-10-05 00:03:57.837 [http-nio-9090-exec-1] DEBUG c.s.m.OrderMapper.findByCondition - ==> Parameters: 
2025-10-05 00:03:57.839 [http-nio-9090-exec-1] DEBUG c.s.m.OrderMapper.findByCondition - <==      Total: 10
2025-10-05 00:03:57.840 [http-nio-9090-exec-1] DEBUG org.mybatis.spring.SqlSessionUtils - Closing non transactional SqlSession [org.apache.ibatis.session.defaults.DefaultSqlSession@3e2f1388]
2025-10-05 00:03:57.840 [http-nio-9090-exec-1] DEBUG c.s.service.impl.OrderServiceImpl - Found 5 orders matching the condition
2025-10-05 00:03:57.840 [http-nio-9090-exec-1] DEBUG c.s.controller.OrderController - Found 5 orders
2025-10-05 00:03:57.840 [http-nio-9090-exec-1] DEBUG o.s.w.s.m.m.a.HttpEntityMethodProcessor - Using 'application/json', given [application/json, text/plain, */*] and supported [application/json, application/*+json]
2025-10-05 00:03:57.840 [http-nio-9090-exec-1] DEBUG o.s.w.s.m.m.a.HttpEntityMethodProcessor - Writing [{data={total=5, size=10, page=1, list=[Order(id=1, orderNo=ORD202507060001, customerName=张三, custome (truncated)...]
2025-10-05 00:03:57.841 [http-nio-9090-exec-1] DEBUG o.s.web.servlet.DispatcherServlet - Completed 200 OK
2025-10-05 00:03:57.841 [http-nio-9090-exec-1] DEBUG o.s.s.w.a.AnonymousAuthenticationFilter - Set SecurityContextHolder to anonymous SecurityContext
2025-10-05 00:03:58.545 [http-nio-9090-exec-2] DEBUG o.s.security.web.FilterChainProxy - Securing GET /inventory?page=1&size=10&productName=&stockStatus=
2025-10-05 00:03:58.547 [http-nio-9090-exec-2] DEBUG o.s.security.web.FilterChainProxy - Secured GET /inventory?page=1&size=10&productName=&stockStatus=
2025-10-05 00:03:58.547 [http-nio-9090-exec-2] DEBUG o.s.web.servlet.DispatcherServlet - GET "/swiftstock/inventory?page=1&size=10&productName=&stockStatus=", parameters={masked}
2025-10-05 00:03:58.547 [http-nio-9090-exec-2] DEBUG o.s.w.s.m.m.a.RequestMappingHandlerMapping - Mapped to com.swiftstock.controller.InventoryController#getInventoryList(String, Long, String, int, int)
2025-10-05 00:03:58.548 [http-nio-9090-exec-2] INFO  c.s.controller.InventoryController - Accessing inventory list with params: productName=, categoryId=null, stockStatus=
2025-10-05 00:03:58.548 [http-nio-9090-exec-2] DEBUG org.mybatis.spring.SqlSessionUtils - Creating a new SqlSession
2025-10-05 00:03:58.548 [http-nio-9090-exec-2] DEBUG org.mybatis.spring.SqlSessionUtils - SqlSession [org.apache.ibatis.session.defaults.DefaultSqlSession@519075d] was not registered for synchronization because synchronization is not active
2025-10-05 00:03:58.548 [http-nio-9090-exec-2] DEBUG o.m.s.t.SpringManagedTransaction - JDBC Connection [HikariProxyConnection@1350405150 wrapping com.mysql.cj.jdbc.ConnectionImpl@4d71e1e8] will not be managed by Spring
2025-10-05 00:03:58.548 [http-nio-9090-exec-2] DEBUG c.s.mapper.ProductMapper.selectAll - ==>  Preparing: SELECT p.*, c.name as category_name, c.description as category_description FROM product p LEFT JOIN category c ON p.category_id = c.id ORDER BY p.created_time DESC
2025-10-05 00:03:58.548 [http-nio-9090-exec-2] DEBUG c.s.mapper.ProductMapper.selectAll - ==> Parameters: 
2025-10-05 00:03:58.550 [http-nio-9090-exec-2] DEBUG c.s.mapper.ProductMapper.selectAll - <==      Total: 10
2025-10-05 00:03:58.550 [http-nio-9090-exec-2] DEBUG org.mybatis.spring.SqlSessionUtils - Closing non transactional SqlSession [org.apache.ibatis.session.defaults.DefaultSqlSession@519075d]
2025-10-05 00:03:58.550 [http-nio-9090-exec-2] INFO  c.s.controller.InventoryController - Found 10 products
2025-10-05 00:03:58.550 [http-nio-9090-exec-2] DEBUG o.s.w.s.m.m.a.HttpEntityMethodProcessor - Using 'application/json', given [application/json, text/plain, */*] and supported [application/json, application/*+json]
2025-10-05 00:03:58.550 [http-nio-9090-exec-2] DEBUG o.s.w.s.m.m.a.HttpEntityMethodProcessor - Writing [{data={total=10, size=10, page=1, list=[Product(id=1, name=苹果iPhone 13, code=null, categoryId=1, cat (truncated)...]
2025-10-05 00:03:58.551 [http-nio-9090-exec-2] DEBUG o.s.web.servlet.DispatcherServlet - Completed 200 OK
2025-10-05 00:03:58.551 [http-nio-9090-exec-2] DEBUG o.s.s.w.a.AnonymousAuthenticationFilter - Set SecurityContextHolder to anonymous SecurityContext
